<?xml version="1.0" encoding="UTF-8"?>
<!-- Generated by org.testng.reporters.JUnitReportReporter -->
<testsuite hostname="Sirisha-PC" name="com.crm.qa.testcases.LoginPageTest" tests="3" failures="0" timestamp="19 Jul 2018 06:16:52 GMT" time="57.523" errors="0">
  <testcase name="crmLogoImageTest" time="17.901" classname="com.crm.qa.testcases.LoginPageTest"/>
  <testcase name="loginTest" time="25.021" classname="com.crm.qa.testcases.LoginPageTest"/>
  <testcase name="loginPageTitleTest" time="14.601" classname="com.crm.qa.testcases.LoginPageTest"/>
</testsuite> <!-- com.crm.qa.testcases.LoginPageTest -->
