<?xml version="1.0" encoding="UTF-8"?>
<!-- Generated by org.testng.reporters.JUnitReportReporter -->
<testsuite hostname="Sirisha-PC" name="com.crm.qa.testcases.HomePageTest" tests="3" failures="0" timestamp="18 Jul 2018 14:19:32 GMT" time="72.346" errors="0">
  <testcase name="verifyContactsLinkTest" time="21.843" classname="com.crm.qa.testcases.HomePageTest"/>
  <testcase name="verifyUserNameTest" time="23.138" classname="com.crm.qa.testcases.HomePageTest"/>
  <testcase name="verifyHomePageTitleTest" time="27.365" classname="com.crm.qa.testcases.HomePageTest"/>
</testsuite> <!-- com.crm.qa.testcases.HomePageTest -->
